<?xml version="1.0" encoding="UTF-8"?>
<testng-results skipped="0" failed="1" total="5" passed="4">
  <reporter-output>
  </reporter-output>
  <suite name="Default suite" duration-ms="4419" started-at="2018-02-02T06:53:57Z" finished-at="2018-02-02T06:54:01Z">
    <groups>
    </groups>
    <test name="Default test" duration-ms="4419" started-at="2018-02-02T06:53:57Z" finished-at="2018-02-02T06:54:01Z">
      <class name="interface_login.login_test">
        <test-method status="FAIL" signature="Login(java.lang.String, java.lang.String, java.lang.String)[pri:0, instance:interface_login.login_test@5bb21b69]" name="Login" duration-ms="991" started-at="2018-02-02T14:53:57Z" data-provider="dp" finished-at="2018-02-02T14:53:58Z">
          <params>
            <param index="0">
              <value>
                <![CDATA[8888]]>
              </value>
            </param>
            <param index="1">
              <value>
                <![CDATA[123]]>
              </value>
            </param>
            <param index="2">
              <value>
                <![CDATA[true]]>
              </value>
            </param>
          </params>
          <exception class="java.lang.AssertionError">
            <message>
              <![CDATA[expected [true] but found [\NET\Team2\稽查\V3.0\Log\2018-02-02”的访问被拒绝。</title>
        <meta name="viewport" content="width=device-width" />
        <style>
         body {font-family]]]>
            </message>
            <full-stacktrace>
              <![CDATA[java.lang.AssertionError: expected [true] but found [\NET\Team2\稽查\V3.0\Log\2018-02-02”的访问被拒绝。</title>
        <meta name="viewport" content="width=device-width" />
        <style>
         body {font-family]
	at org.testng.Assert.fail(Assert.java:94)
	at org.testng.Assert.failNotEquals(Assert.java:496)
	at org.testng.Assert.assertEquals(Assert.java:125)
	at org.testng.Assert.assertEquals(Assert.java:178)
	at org.testng.Assert.assertEquals(Assert.java:188)
	at interface_login.login_test.Login(login_test.java:60)
	at sun.reflect.NativeMethodAccessorImpl.invoke0(Native Method)
	at sun.reflect.NativeMethodAccessorImpl.invoke(NativeMethodAccessorImpl.java:62)
	at sun.reflect.DelegatingMethodAccessorImpl.invoke(DelegatingMethodAccessorImpl.java:43)
	at java.lang.reflect.Method.invoke(Method.java:498)
	at org.testng.internal.MethodInvocationHelper.invokeMethod(MethodInvocationHelper.java:85)
	at org.testng.internal.Invoker.invokeMethod(Invoker.java:639)
	at org.testng.internal.Invoker.invokeTestMethod(Invoker.java:816)
	at org.testng.internal.Invoker.invokeTestMethods(Invoker.java:1124)
	at org.testng.internal.TestMethodWorker.invokeTestMethods(TestMethodWorker.java:125)
	at org.testng.internal.TestMethodWorker.run(TestMethodWorker.java:108)
	at org.testng.TestRunner.privateRun(TestRunner.java:774)
	at org.testng.TestRunner.run(TestRunner.java:624)
	at org.testng.SuiteRunner.runTest(SuiteRunner.java:359)
	at org.testng.SuiteRunner.runSequentially(SuiteRunner.java:354)
	at org.testng.SuiteRunner.privateRun(SuiteRunner.java:312)
	at org.testng.SuiteRunner.run(SuiteRunner.java:261)
	at org.testng.SuiteRunnerWorker.runSuite(SuiteRunnerWorker.java:52)
	at org.testng.SuiteRunnerWorker.run(SuiteRunnerWorker.java:86)
	at org.testng.TestNG.runSuitesSequentially(TestNG.java:1191)
	at org.testng.TestNG.runSuitesLocally(TestNG.java:1116)
	at org.testng.TestNG.run(TestNG.java:1024)
	at org.testng.remote.RemoteTestNG.run(RemoteTestNG.java:112)
	at org.testng.remote.RemoteTestNG.initAndRun(RemoteTestNG.java:205)
	at org.testng.remote.RemoteTestNG.main(RemoteTestNG.java:176)
]]>
            </full-stacktrace>
          </exception> <!-- java.lang.AssertionError -->
          <reporter-output>
          </reporter-output>
        </test-method> <!-- Login -->
        <test-method status="PASS" signature="Login(java.lang.String, java.lang.String, java.lang.String)[pri:0, instance:interface_login.login_test@5bb21b69]" name="Login" duration-ms="2683" started-at="2018-02-02T14:53:58Z" data-provider="dp" finished-at="2018-02-02T14:54:01Z">
          <params>
            <param index="0">
              <value>
                <![CDATA[444]]>
              </value>
            </param>
            <param index="1">
              <value>
                <![CDATA[123]]>
              </value>
            </param>
            <param index="2">
              <value>
                <![CDATA[true]]>
              </value>
            </param>
          </params>
          <reporter-output>
          </reporter-output>
        </test-method> <!-- Login -->
        <test-method status="PASS" signature="Login(java.lang.String, java.lang.String, java.lang.String)[pri:0, instance:interface_login.login_test@5bb21b69]" name="Login" duration-ms="35" started-at="2018-02-02T14:54:01Z" data-provider="dp" finished-at="2018-02-02T14:54:01Z">
          <params>
            <param index="0">
              <value>
                <![CDATA[1231]]>
              </value>
            </param>
            <param index="1">
              <value>
                <![CDATA[123]]>
              </value>
            </param>
            <param index="2">
              <value>
                <![CDATA[true]]>
              </value>
            </param>
          </params>
          <reporter-output>
          </reporter-output>
        </test-method> <!-- Login -->
        <test-method status="PASS" signature="Login(java.lang.String, java.lang.String, java.lang.String)[pri:0, instance:interface_login.login_test@5bb21b69]" name="Login" duration-ms="69" started-at="2018-02-02T14:54:01Z" data-provider="dp" finished-at="2018-02-02T14:54:01Z">
          <params>
            <param index="0">
              <value>
                <![CDATA[6666]]>
              </value>
            </param>
            <param index="1">
              <value>
                <![CDATA[123]]>
              </value>
            </param>
            <param index="2">
              <value>
                <![CDATA[true]]>
              </value>
            </param>
          </params>
          <reporter-output>
          </reporter-output>
        </test-method> <!-- Login -->
        <test-method status="PASS" signature="Login(java.lang.String, java.lang.String, java.lang.String)[pri:0, instance:interface_login.login_test@5bb21b69]" name="Login" duration-ms="164" started-at="2018-02-02T14:54:01Z" data-provider="dp" finished-at="2018-02-02T14:54:01Z">
          <params>
            <param index="0">
              <value>
                <![CDATA[6666]]>
              </value>
            </param>
            <param index="1">
              <value>
                <![CDATA[112233]]>
              </value>
            </param>
            <param index="2">
              <value>
                <![CDATA[false]]>
              </value>
            </param>
          </params>
          <reporter-output>
          </reporter-output>
        </test-method> <!-- Login -->
      </class> <!-- interface_login.login_test -->
    </test> <!-- Default test -->
  </suite> <!-- Default suite -->
</testng-results>
