<?xml version="1.0" encoding="UTF-8"?>
<testsuite name="Test"
           tests="4"
           failures="0"
           errors="0"
           skipped="0"
           time="0.262">
  <properties />
  
  
            <testcase name="Login" time="0.034" classname="interface_login.login_test" />
                <testcase name="Login" time="0.186" classname="interface_login.login_test" />
                <testcase name="Login" time="0.024" classname="interface_login.login_test" />
                <testcase name="Login" time="0.018" classname="interface_login.login_test" />
      
</testsuite>
