<?xml version="1.0" encoding="UTF-8"?>
<!-- Generated by org.testng.reporters.JUnitXMLReporter -->
<testsuite hostname="WINDOWS-JQDUD0F" name="Test" tests="4" failures="0" timestamp="22 Aug 2017 06:46:24 GMT" time="0.521" errors="0">
  <testcase name="Login" time="0.17" classname="interface_login.login_test"/>
  <testcase name="Login" time="0.065" classname="interface_login.login_test"/>
  <testcase name="Login" time="0.045" classname="interface_login.login_test"/>
  <testcase name="Login" time="0.04" classname="interface_login.login_test"/>
</testsuite> <!-- Test -->
