<?xml version="1.0" encoding="UTF-8"?>
<testsuite xmlns:xsi="http://www.w3.org/2001/XMLSchema-instance" xsi:noNamespaceSchemaLocation="https://maven.apache.org/surefire/maven-surefire-plugin/xsd/surefire-test-report.xsd" name="TestSuite" time="1.662" tests="4" errors="0" skipped="0" failures="0">
  <properties>
[...]
</properties>
  <testcase name="Login" classname="interface_login.login_test" time="0.177"/>
  <testcase name="Login" classname="interface_login.login_test" time="0.033"/>
  <testcase name="Login" classname="interface_login.login_test" time="0.022"/>
  <testcase name="Login" classname="interface_login.login_test" time="0.019"/>
</testsuite>